2025-10-01 23:05:24,952 - basicLogger - INFO - Falling back to SQLite for demonstration...
2025-10-01 23:06:26,913 - basicLogger - INFO - Successfully connected to MySQL!
2025-10-01 23:06:26,990 - basicLogger - INFO - Successfully connected to MySQL!
2025-10-01 23:06:30,668 - basicLogger - INFO - Successfully connected to MySQL!
2025-10-01 23:06:38,004 - basicLogger - INFO - Successfully connected to MySQL!
2025-10-01 23:06:38,080 - basicLogger - INFO - Successfully connected to MySQL!
2025-10-01 23:06:43,062 - basicLogger - DEBUG - Stored event temperature_reading with a trace id of 1759385200472428200
2025-10-01 23:06:43,128 - basicLogger - DEBUG - Stored event temperature_reading with a trace id of 1759385200575370100
2025-10-01 23:06:43,249 - basicLogger - DEBUG - Stored event temperature_reading with a trace id of 1759385200667504600
2025-10-01 23:06:43,377 - basicLogger - DEBUG - Stored event temperature_reading with a trace id of 1759385200773562700
2025-10-01 23:06:43,488 - basicLogger - DEBUG - Stored event temperature_reading with a trace id of 1759385200866757000
2025-10-01 23:06:43,571 - basicLogger - DEBUG - Stored event temperature_reading with a trace id of 1759385200976022100
2025-10-01 23:06:43,615 - basicLogger - DEBUG - Stored event temperature_reading with a trace id of 1759385201068922700
2025-10-01 23:06:43,702 - basicLogger - DEBUG - Stored event temperature_reading with a trace id of 1759385201175702000
2025-10-01 23:06:43,808 - basicLogger - DEBUG - Stored event temperature_reading with a trace id of 1759385201269179600
2025-10-01 23:06:43,816 - basicLogger - DEBUG - Stored event temperature_reading with a trace id of 1759385201377996000
2025-10-01 23:06:45,463 - basicLogger - DEBUG - Stored event temperature_reading with a trace id of 1759385203066498800
2025-10-01 23:06:45,589 - basicLogger - DEBUG - Stored event temperature_reading with a trace id of 1759385203132614200
2025-10-01 23:06:45,735 - basicLogger - DEBUG - Stored event temperature_reading with a trace id of 1759385203252834500
2025-10-01 23:06:46,018 - basicLogger - DEBUG - Stored event temperature_reading with a trace id of 1759385203381331700
2025-10-01 23:06:46,173 - basicLogger - DEBUG - Stored event temperature_reading with a trace id of 1759385203492732600
2025-10-01 23:06:46,319 - basicLogger - DEBUG - Stored event temperature_reading with a trace id of 1759385203575175000
2025-10-01 23:06:46,347 - basicLogger - DEBUG - Stored event temperature_reading with a trace id of 1759385203619035400
2025-10-01 23:06:46,443 - basicLogger - DEBUG - Stored event temperature_reading with a trace id of 1759385203707226900
2025-10-01 23:06:46,551 - basicLogger - DEBUG - Stored event temperature_reading with a trace id of 1759385203812695200
2025-10-01 23:06:46,556 - basicLogger - DEBUG - Stored event temperature_reading with a trace id of 1759385203820591800
2025-10-01 23:06:47,938 - basicLogger - DEBUG - Stored event airquality_reading with a trace id of 1759385205469750900
2025-10-01 23:06:48,055 - basicLogger - DEBUG - Stored event airquality_reading with a trace id of 1759385205597608000
2025-10-01 23:06:48,234 - basicLogger - DEBUG - Stored event airquality_reading with a trace id of 1759385205743468600
2025-10-01 23:06:48,639 - basicLogger - DEBUG - Stored event airquality_reading with a trace id of 1759385206026640800
2025-10-01 23:06:49,067 - basicLogger - DEBUG - Stored event airquality_reading with a trace id of 1759385206183126400
2025-10-01 23:06:49,287 - basicLogger - DEBUG - Stored event airquality_reading with a trace id of 1759385206328355900
2025-10-01 23:06:49,321 - basicLogger - DEBUG - Stored event airquality_reading with a trace id of 1759385206357487900
2025-10-01 23:06:49,451 - basicLogger - DEBUG - Stored event airquality_reading with a trace id of 1759385206452364300
2025-10-01 23:06:49,508 - basicLogger - DEBUG - Stored event airquality_reading with a trace id of 1759385206561502600
2025-10-01 23:06:49,523 - basicLogger - DEBUG - Stored event airquality_reading with a trace id of 1759385206568342400
2025-10-01 23:06:50,529 - basicLogger - DEBUG - Stored event airquality_reading with a trace id of 1759385207942195800
2025-10-01 23:06:50,802 - basicLogger - DEBUG - Stored event airquality_reading with a trace id of 1759385208059266400
2025-10-01 23:06:51,024 - basicLogger - DEBUG - Stored event airquality_reading with a trace id of 1759385208239441500
2025-10-01 23:06:51,318 - basicLogger - DEBUG - Stored event airquality_reading with a trace id of 1759385208672147600
2025-10-01 23:06:51,832 - basicLogger - DEBUG - Stored event airquality_reading with a trace id of 1759385209072125200
2025-10-01 23:06:52,086 - basicLogger - DEBUG - Stored event airquality_reading with a trace id of 1759385209292759000
2025-10-01 23:06:52,125 - basicLogger - DEBUG - Stored event airquality_reading with a trace id of 1759385209325753700
2025-10-01 23:06:52,311 - basicLogger - DEBUG - Stored event airquality_reading with a trace id of 1759385209454921800
2025-10-01 23:06:52,339 - basicLogger - DEBUG - Stored event airquality_reading with a trace id of 1759385209517268000
2025-10-01 23:06:52,356 - basicLogger - DEBUG - Stored event airquality_reading with a trace id of 1759385209528139600
2025-10-01 23:06:53,224 - basicLogger - DEBUG - Stored event temperature_reading with a trace id of 1759385210542588400
2025-10-01 23:06:53,502 - basicLogger - DEBUG - Stored event temperature_reading with a trace id of 1759385210811115700
2025-10-01 23:06:53,627 - basicLogger - DEBUG - Stored event temperature_reading with a trace id of 1759385211033464600
2025-10-01 23:06:53,787 - basicLogger - DEBUG - Stored event temperature_reading with a trace id of 1759385211326590600
2025-10-01 23:06:54,283 - basicLogger - DEBUG - Stored event temperature_reading with a trace id of 1759385211839963900
2025-10-01 23:06:54,725 - basicLogger - DEBUG - Stored event temperature_reading with a trace id of 1759385212095750200
2025-10-01 23:06:54,828 - basicLogger - DEBUG - Stored event temperature_reading with a trace id of 1759385212134542200
2025-10-01 23:06:55,053 - basicLogger - DEBUG - Stored event temperature_reading with a trace id of 1759385212349159500
2025-10-01 23:06:55,068 - basicLogger - DEBUG - Stored event temperature_reading with a trace id of 1759385212367553600
2025-10-01 23:06:55,085 - basicLogger - DEBUG - Stored event temperature_reading with a trace id of 1759385212324078600
2025-10-01 23:06:55,623 - basicLogger - DEBUG - Stored event temperature_reading with a trace id of 1759385213228478800
2025-10-01 23:06:56,065 - basicLogger - DEBUG - Stored event temperature_reading with a trace id of 1759385213506649900
2025-10-01 23:06:56,197 - basicLogger - DEBUG - Stored event temperature_reading with a trace id of 1759385213632131500
2025-10-01 23:06:56,295 - basicLogger - DEBUG - Stored event temperature_reading with a trace id of 1759385213792601700
2025-10-01 23:06:56,642 - basicLogger - DEBUG - Stored event temperature_reading with a trace id of 1759385214287366700
2025-10-01 23:06:57,322 - basicLogger - DEBUG - Stored event temperature_reading with a trace id of 1759385214728799400
2025-10-01 23:06:57,548 - basicLogger - DEBUG - Stored event temperature_reading with a trace id of 1759385214833597700
2025-10-01 23:06:57,836 - basicLogger - DEBUG - Stored event temperature_reading with a trace id of 1759385215060031500
2025-10-01 23:06:57,840 - basicLogger - DEBUG - Stored event temperature_reading with a trace id of 1759385215073735500
2025-10-01 23:06:57,875 - basicLogger - DEBUG - Stored event temperature_reading with a trace id of 1759385215090242200
2025-10-01 23:06:58,401 - basicLogger - DEBUG - Stored event airquality_reading with a trace id of 1759385215634185600
2025-10-01 23:06:58,876 - basicLogger - DEBUG - Stored event airquality_reading with a trace id of 1759385216077827200
2025-10-01 23:06:59,040 - basicLogger - DEBUG - Stored event airquality_reading with a trace id of 1759385216209764000
2025-10-01 23:06:59,165 - basicLogger - DEBUG - Stored event airquality_reading with a trace id of 1759385216307031200
2025-10-01 23:06:59,544 - basicLogger - DEBUG - Stored event airquality_reading with a trace id of 1759385216654029900
2025-10-01 23:07:00,344 - basicLogger - DEBUG - Stored event airquality_reading with a trace id of 1759385217372242400
2025-10-01 23:07:00,408 - basicLogger - DEBUG - Stored event airquality_reading with a trace id of 1759385217562177400
2025-10-01 23:07:00,714 - basicLogger - DEBUG - Stored event airquality_reading with a trace id of 1759385217857104100
2025-10-01 23:07:00,746 - basicLogger - DEBUG - Stored event airquality_reading with a trace id of 1759385217887608300
2025-10-01 23:07:00,751 - basicLogger - DEBUG - Stored event airquality_reading with a trace id of 1759385217848713100
2025-10-01 23:07:00,955 - basicLogger - DEBUG - Stored event airquality_reading with a trace id of 1759385218406955300
2025-10-01 23:07:01,420 - basicLogger - DEBUG - Stored event airquality_reading with a trace id of 1759385218880923200
2025-10-01 23:07:01,629 - basicLogger - DEBUG - Stored event airquality_reading with a trace id of 1759385219045554600
2025-10-01 23:07:01,687 - basicLogger - DEBUG - Stored event airquality_reading with a trace id of 1759385219171171500
2025-10-01 23:07:01,958 - basicLogger - DEBUG - Stored event airquality_reading with a trace id of 1759385219548977700
2025-10-02 08:31:19,127 - basicLogger - INFO - You're good
2025-10-02 08:31:34,320 - basicLogger - INFO - Successfully connected to MySQL!
2025-10-02 08:31:34,434 - basicLogger - INFO - Successfully connected to MySQL!
2025-10-02 08:44:51,666 - basicLogger - DEBUG - Stored event temperature_reading with a trace id of 1759419888897054200
2025-10-02 08:44:51,732 - basicLogger - DEBUG - Stored event temperature_reading with a trace id of 1759419889000760600
2025-10-02 08:44:51,960 - basicLogger - DEBUG - Stored event temperature_reading with a trace id of 1759419889094489900
2025-10-02 08:44:52,156 - basicLogger - DEBUG - Stored event temperature_reading with a trace id of 1759419889202676300
2025-10-02 08:44:52,229 - basicLogger - DEBUG - Stored event temperature_reading with a trace id of 1759419889295188800
2025-10-02 08:44:52,308 - basicLogger - DEBUG - Stored event temperature_reading with a trace id of 1759419889404488900
2025-10-02 08:44:52,386 - basicLogger - DEBUG - Stored event temperature_reading with a trace id of 1759419889502829600
2025-10-02 08:44:52,464 - basicLogger - DEBUG - Stored event temperature_reading with a trace id of 1759419889641848900
2025-10-02 08:44:52,494 - basicLogger - DEBUG - Stored event temperature_reading with a trace id of 1759419889705474300
2025-10-02 08:44:52,571 - basicLogger - DEBUG - Stored event temperature_reading with a trace id of 1759419889799381500
2025-10-02 08:44:54,113 - basicLogger - DEBUG - Stored event temperature_reading with a trace id of 1759419891670973800
2025-10-02 08:44:54,203 - basicLogger - DEBUG - Stored event temperature_reading with a trace id of 1759419891736588400
2025-10-02 08:44:54,459 - basicLogger - DEBUG - Stored event temperature_reading with a trace id of 1759419891963935200
2025-10-02 08:44:54,911 - basicLogger - DEBUG - Stored event temperature_reading with a trace id of 1759419892160350100
2025-10-02 08:44:55,025 - basicLogger - DEBUG - Stored event temperature_reading with a trace id of 1759419892233247200
2025-10-02 08:44:55,106 - basicLogger - DEBUG - Stored event temperature_reading with a trace id of 1759419892312734700
2025-10-02 08:44:55,221 - basicLogger - DEBUG - Stored event temperature_reading with a trace id of 1759419892391134000
2025-10-02 08:44:55,351 - basicLogger - DEBUG - Stored event temperature_reading with a trace id of 1759419892469334300
2025-10-02 08:44:55,362 - basicLogger - DEBUG - Stored event temperature_reading with a trace id of 1759419892499775400
2025-10-02 08:44:55,387 - basicLogger - DEBUG - Stored event temperature_reading with a trace id of 1759419892576328700
2025-10-02 08:44:56,589 - basicLogger - DEBUG - Stored event airquality_reading with a trace id of 1759419894122968000
2025-10-02 08:44:56,744 - basicLogger - DEBUG - Stored event airquality_reading with a trace id of 1759419894212847800
2025-10-02 08:44:56,903 - basicLogger - DEBUG - Stored event airquality_reading with a trace id of 1759419894468979000
2025-10-02 08:44:57,584 - basicLogger - DEBUG - Stored event airquality_reading with a trace id of 1759419894921712800
2025-10-02 08:44:57,845 - basicLogger - DEBUG - Stored event airquality_reading with a trace id of 1759419895032740100
2025-10-02 08:44:57,953 - basicLogger - DEBUG - Stored event airquality_reading with a trace id of 1759419895115765100
2025-10-02 08:44:58,104 - basicLogger - DEBUG - Stored event airquality_reading with a trace id of 1759419895230426200
2025-10-02 08:44:58,130 - basicLogger - DEBUG - Stored event airquality_reading with a trace id of 1759419895369178000
2025-10-02 08:44:58,144 - basicLogger - DEBUG - Stored event airquality_reading with a trace id of 1759419895382728500
2025-10-02 08:44:58,149 - basicLogger - DEBUG - Stored event airquality_reading with a trace id of 1759419895397623400
2025-10-02 08:44:58,989 - basicLogger - DEBUG - Stored event airquality_reading with a trace id of 1759419896594441700
2025-10-02 08:44:59,212 - basicLogger - DEBUG - Stored event airquality_reading with a trace id of 1759419896748648000
2025-10-02 08:44:59,351 - basicLogger - DEBUG - Stored event airquality_reading with a trace id of 1759419896907619900
2025-10-02 08:44:59,951 - basicLogger - DEBUG - Stored event airquality_reading with a trace id of 1759419897588232900
2025-10-02 08:45:00,343 - basicLogger - DEBUG - Stored event airquality_reading with a trace id of 1759419897850429000
2025-10-02 08:45:00,644 - basicLogger - DEBUG - Stored event airquality_reading with a trace id of 1759419897957345800
2025-10-02 08:45:00,818 - basicLogger - DEBUG - Stored event airquality_reading with a trace id of 1759419898108903400
2025-10-02 08:45:00,842 - basicLogger - DEBUG - Stored event airquality_reading with a trace id of 1759419898154715700
2025-10-02 08:45:00,877 - basicLogger - DEBUG - Stored event airquality_reading with a trace id of 1759419898139308100
2025-10-02 08:45:00,897 - basicLogger - DEBUG - Stored event airquality_reading with a trace id of 1759419898149631700
2025-10-02 08:58:56,629 - basicLogger - INFO - Connected to the database
2025-10-02 09:16:59,333 - basicLogger - INFO - Connected to the database
2025-10-02 09:23:14,714 - basicLogger - INFO - Connected to the database
2025-10-02 09:24:07,364 - basicLogger - INFO - Connected to the database
2025-10-02 09:25:03,725 - basicLogger - INFO - Connected to the database
2025-10-02 09:25:03,822 - basicLogger - INFO - Connected to the database
2025-10-02 09:25:30,085 - basicLogger - DEBUG - Storing 1759422327585134300 to the database
2025-10-02 09:25:30,137 - basicLogger - DEBUG - Stored event temperature_reading with a trace id of 1759422327585134300
2025-10-02 09:25:32,505 - basicLogger - DEBUG - Storing 1759422330142840300 to the database
2025-10-02 09:25:32,527 - basicLogger - DEBUG - Stored event temperature_reading with a trace id of 1759422330142840300
2025-10-02 09:25:42,551 - basicLogger - DEBUG - Storing 1759422340095551900 to the database
2025-10-02 09:25:42,572 - basicLogger - DEBUG - Stored event airquality_reading with a trace id of 1759422340095551900
2025-10-02 09:25:44,967 - basicLogger - DEBUG - Storing 1759422342577325100 to the database
2025-10-02 09:25:44,988 - basicLogger - DEBUG - Stored event airquality_reading with a trace id of 1759422342577325100
2025-10-02 09:27:29,259 - basicLogger - DEBUG - Storing 1759422446833181900 to the database
2025-10-02 09:27:29,286 - basicLogger - DEBUG - Stored event temperature_reading with a trace id of 1759422446833181900
2025-10-02 09:27:29,460 - basicLogger - DEBUG - Storing 1759422446929470900 to the database
2025-10-02 09:27:29,485 - basicLogger - DEBUG - Stored event temperature_reading with a trace id of 1759422446929470900
2025-10-02 09:27:29,617 - basicLogger - DEBUG - Storing 1759422447025662800 to the database
2025-10-02 09:27:29,649 - basicLogger - DEBUG - Stored event temperature_reading with a trace id of 1759422447025662800
2025-10-02 09:27:29,773 - basicLogger - DEBUG - Storing 1759422447126892800 to the database
2025-10-02 09:27:29,778 - basicLogger - DEBUG - Stored event temperature_reading with a trace id of 1759422447126892800
2025-10-02 09:27:29,805 - basicLogger - DEBUG - Storing 1759422447226468100 to the database
2025-10-02 09:27:29,813 - basicLogger - DEBUG - Stored event temperature_reading with a trace id of 1759422447226468100
2025-10-02 09:27:29,977 - basicLogger - DEBUG - Storing 1759422447327439700 to the database
2025-10-02 09:27:30,004 - basicLogger - DEBUG - Stored event temperature_reading with a trace id of 1759422447327439700
2025-10-02 09:27:30,009 - basicLogger - DEBUG - Storing 1759422447426913500 to the database
2025-10-02 09:27:30,018 - basicLogger - DEBUG - Stored event temperature_reading with a trace id of 1759422447426913500
2025-10-02 09:27:30,085 - basicLogger - DEBUG - Storing 1759422447527578900 to the database
2025-10-02 09:27:30,092 - basicLogger - DEBUG - Stored event temperature_reading with a trace id of 1759422447527578900
2025-10-02 09:27:30,118 - basicLogger - DEBUG - Storing 1759422447626927100 to the database
2025-10-02 09:27:30,126 - basicLogger - DEBUG - Stored event temperature_reading with a trace id of 1759422447626927100
2025-10-02 09:27:30,150 - basicLogger - DEBUG - Storing 1759422447726551700 to the database
2025-10-02 09:27:30,157 - basicLogger - DEBUG - Stored event temperature_reading with a trace id of 1759422447726551700
2025-10-02 09:27:31,645 - basicLogger - DEBUG - Storing 1759422449292420300 to the database
2025-10-02 09:27:31,673 - basicLogger - DEBUG - Stored event temperature_reading with a trace id of 1759422449292420300
2025-10-02 09:27:31,880 - basicLogger - DEBUG - Storing 1759422449487980000 to the database
2025-10-02 09:27:31,906 - basicLogger - DEBUG - Stored event temperature_reading with a trace id of 1759422449487980000
2025-10-02 09:27:32,145 - basicLogger - DEBUG - Storing 1759422449654095900 to the database
2025-10-02 09:27:32,151 - basicLogger - DEBUG - Stored event temperature_reading with a trace id of 1759422449654095900
2025-10-02 09:27:32,376 - basicLogger - DEBUG - Storing 1759422449781461300 to the database
2025-10-02 09:27:32,401 - basicLogger - DEBUG - Stored event temperature_reading with a trace id of 1759422449781461300
2025-10-02 09:27:32,423 - basicLogger - DEBUG - Storing 1759422449817598000 to the database
2025-10-02 09:27:32,432 - basicLogger - DEBUG - Stored event temperature_reading with a trace id of 1759422449817598000
2025-10-02 09:27:32,642 - basicLogger - DEBUG - Storing 1759422450011639300 to the database
2025-10-02 09:27:32,650 - basicLogger - DEBUG - Stored event temperature_reading with a trace id of 1759422450011639300
2025-10-02 09:27:32,673 - basicLogger - DEBUG - Storing 1759422450023852000 to the database
2025-10-02 09:27:32,680 - basicLogger - DEBUG - Stored event temperature_reading with a trace id of 1759422450023852000
2025-10-02 09:27:32,688 - basicLogger - DEBUG - Storing 1759422450097500200 to the database
2025-10-02 09:27:32,697 - basicLogger - DEBUG - Stored event temperature_reading with a trace id of 1759422450097500200
2025-10-02 09:27:32,766 - basicLogger - DEBUG - Storing 1759422450131301400 to the database
2025-10-02 09:27:32,773 - basicLogger - DEBUG - Stored event temperature_reading with a trace id of 1759422450131301400
2025-10-02 09:27:32,797 - basicLogger - DEBUG - Storing 1759422450161143600 to the database
2025-10-02 09:27:32,803 - basicLogger - DEBUG - Stored event temperature_reading with a trace id of 1759422450161143600
2025-10-02 09:27:34,011 - basicLogger - DEBUG - Storing 1759422451681850500 to the database
2025-10-02 09:27:34,045 - basicLogger - DEBUG - Stored event airquality_reading with a trace id of 1759422451681850500
2025-10-02 09:27:34,292 - basicLogger - DEBUG - Storing 1759422451914095200 to the database
2025-10-02 09:27:34,319 - basicLogger - DEBUG - Stored event airquality_reading with a trace id of 1759422451914095200
2025-10-02 09:27:34,541 - basicLogger - DEBUG - Storing 1759422452158561100 to the database
2025-10-02 09:27:34,546 - basicLogger - DEBUG - Stored event airquality_reading with a trace id of 1759422452158561100
2025-10-02 09:27:34,854 - basicLogger - DEBUG - Storing 1759422452409060400 to the database
2025-10-02 09:27:34,880 - basicLogger - DEBUG - Stored event airquality_reading with a trace id of 1759422452409060400
2025-10-02 09:27:34,903 - basicLogger - DEBUG - Storing 1759422452440383500 to the database
2025-10-02 09:27:34,909 - basicLogger - DEBUG - Stored event airquality_reading with a trace id of 1759422452440383500
2025-10-02 09:27:35,229 - basicLogger - DEBUG - Storing 1759422452657707200 to the database
2025-10-02 09:27:35,236 - basicLogger - DEBUG - Stored event airquality_reading with a trace id of 1759422452657707200
2025-10-02 09:27:35,261 - basicLogger - DEBUG - Storing 1759422452689319700 to the database
2025-10-02 09:27:35,268 - basicLogger - DEBUG - Stored event airquality_reading with a trace id of 1759422452689319700
2025-10-02 09:27:35,293 - basicLogger - DEBUG - Storing 1759422452705331200 to the database
2025-10-02 09:27:35,300 - basicLogger - DEBUG - Stored event airquality_reading with a trace id of 1759422452705331200
2025-10-02 09:27:35,342 - basicLogger - DEBUG - Storing 1759422452780843700 to the database
2025-10-02 09:27:35,342 - basicLogger - DEBUG - Storing 1759422452810467400 to the database
2025-10-02 09:27:35,351 - basicLogger - DEBUG - Stored event airquality_reading with a trace id of 1759422452780843700
2025-10-02 09:27:35,360 - basicLogger - DEBUG - Stored event airquality_reading with a trace id of 1759422452810467400
2025-10-02 09:27:36,344 - basicLogger - DEBUG - Storing 1759422454050154000 to the database
2025-10-02 09:27:36,372 - basicLogger - DEBUG - Stored event airquality_reading with a trace id of 1759422454050154000
2025-10-02 09:27:36,673 - basicLogger - DEBUG - Storing 1759422454323671100 to the database
2025-10-02 09:27:36,701 - basicLogger - DEBUG - Stored event airquality_reading with a trace id of 1759422454323671100
2025-10-02 09:27:36,890 - basicLogger - DEBUG - Storing 1759422454550913600 to the database
2025-10-02 09:27:36,914 - basicLogger - DEBUG - Stored event airquality_reading with a trace id of 1759422454550913600
2025-10-02 09:27:37,280 - basicLogger - DEBUG - Storing 1759422454885721400 to the database
2025-10-02 09:27:37,288 - basicLogger - DEBUG - Stored event airquality_reading with a trace id of 1759422454885721400
2025-10-02 09:27:37,325 - basicLogger - DEBUG - Storing 1759422454913188000 to the database
2025-10-02 09:27:37,333 - basicLogger - DEBUG - Stored event airquality_reading with a trace id of 1759422454913188000
2025-10-02 09:27:37,793 - basicLogger - DEBUG - Storing 1759422455240388100 to the database
2025-10-02 09:27:37,819 - basicLogger - DEBUG - Stored event airquality_reading with a trace id of 1759422455240388100
2025-10-02 09:27:37,826 - basicLogger - DEBUG - Storing 1759422455272321000 to the database
2025-10-02 09:27:37,846 - basicLogger - DEBUG - Stored event airquality_reading with a trace id of 1759422455272321000
2025-10-02 09:27:37,871 - basicLogger - DEBUG - Storing 1759422455304718200 to the database
2025-10-02 09:27:37,879 - basicLogger - DEBUG - Stored event airquality_reading with a trace id of 1759422455304718200
2025-10-02 09:27:37,917 - basicLogger - DEBUG - Storing 1759422455364412000 to the database
2025-10-02 09:27:37,918 - basicLogger - DEBUG - Storing 1759422455355325600 to the database
2025-10-02 09:27:37,925 - basicLogger - DEBUG - Stored event airquality_reading with a trace id of 1759422455355325600
2025-10-02 09:27:37,925 - basicLogger - DEBUG - Stored event airquality_reading with a trace id of 1759422455364412000
2025-10-02 09:27:38,699 - basicLogger - DEBUG - Storing 1759422456381057600 to the database
2025-10-02 09:27:38,706 - basicLogger - DEBUG - Stored event temperature_reading with a trace id of 1759422456381057600
2025-10-02 09:27:39,041 - basicLogger - DEBUG - Storing 1759422456710115800 to the database
2025-10-02 09:27:39,067 - basicLogger - DEBUG - Stored event temperature_reading with a trace id of 1759422456710115800
2025-10-02 09:27:39,243 - basicLogger - DEBUG - Storing 1759422456922997700 to the database
2025-10-02 09:27:39,269 - basicLogger - DEBUG - Stored event temperature_reading with a trace id of 1759422456922997700
2025-10-02 09:27:39,679 - basicLogger - DEBUG - Storing 1759422457296236000 to the database
2025-10-02 09:27:39,707 - basicLogger - DEBUG - Stored event temperature_reading with a trace id of 1759422457296236000
2025-10-02 09:27:39,712 - basicLogger - DEBUG - Storing 1759422457340990700 to the database
2025-10-02 09:27:39,720 - basicLogger - DEBUG - Stored event temperature_reading with a trace id of 1759422457340990700
2025-10-02 09:27:40,378 - basicLogger - DEBUG - Storing 1759422457832860100 to the database
2025-10-02 09:27:40,405 - basicLogger - DEBUG - Stored event temperature_reading with a trace id of 1759422457832860100
2025-10-02 09:27:40,428 - basicLogger - DEBUG - Storing 1759422457886657100 to the database
2025-10-02 09:27:40,429 - basicLogger - DEBUG - Storing 1759422457854270700 to the database
2025-10-02 09:27:40,436 - basicLogger - DEBUG - Stored event temperature_reading with a trace id of 1759422457886657100
2025-10-02 09:27:40,438 - basicLogger - DEBUG - Stored event temperature_reading with a trace id of 1759422457854270700
2025-10-02 09:27:40,487 - basicLogger - DEBUG - Storing 1759422457937273900 to the database
2025-10-02 09:27:40,497 - basicLogger - DEBUG - Stored event temperature_reading with a trace id of 1759422457937273900
2025-10-02 09:27:40,503 - basicLogger - DEBUG - Storing 1759422457936982300 to the database
2025-10-02 09:27:40,511 - basicLogger - DEBUG - Stored event temperature_reading with a trace id of 1759422457936982300
2025-10-02 09:27:41,014 - basicLogger - DEBUG - Storing 1759422458710508200 to the database
2025-10-02 09:27:41,039 - basicLogger - DEBUG - Stored event temperature_reading with a trace id of 1759422458710508200
2025-10-02 09:27:41,377 - basicLogger - DEBUG - Storing 1759422459071717400 to the database
2025-10-02 09:27:41,385 - basicLogger - DEBUG - Stored event temperature_reading with a trace id of 1759422459071717400
2025-10-02 09:27:41,608 - basicLogger - DEBUG - Storing 1759422459273753300 to the database
2025-10-02 09:27:41,631 - basicLogger - DEBUG - Stored event temperature_reading with a trace id of 1759422459273753300
2025-10-02 09:27:42,079 - basicLogger - DEBUG - Storing 1759422459712618000 to the database
2025-10-02 09:27:42,088 - basicLogger - DEBUG - Stored event temperature_reading with a trace id of 1759422459712618000
2025-10-02 09:27:42,111 - basicLogger - DEBUG - Storing 1759422459724103300 to the database
2025-10-02 09:27:42,118 - basicLogger - DEBUG - Stored event temperature_reading with a trace id of 1759422459724103300
2025-10-02 09:27:43,063 - basicLogger - DEBUG - Storing 1759422460410832100 to the database
2025-10-02 09:27:43,072 - basicLogger - DEBUG - Stored event temperature_reading with a trace id of 1759422460410832100
2025-10-02 09:27:43,079 - basicLogger - DEBUG - Storing 1759422460443601800 to the database
2025-10-02 09:27:43,080 - basicLogger - DEBUG - Storing 1759422460441672800 to the database
2025-10-02 09:27:43,088 - basicLogger - DEBUG - Stored event temperature_reading with a trace id of 1759422460443601800
2025-10-02 09:27:43,090 - basicLogger - DEBUG - Stored event temperature_reading with a trace id of 1759422460441672800
2025-10-02 09:27:43,140 - basicLogger - DEBUG - Storing 1759422460501322600 to the database
2025-10-02 09:27:43,148 - basicLogger - DEBUG - Stored event temperature_reading with a trace id of 1759422460501322600
2025-10-02 09:27:43,155 - basicLogger - DEBUG - Storing 1759422460516002600 to the database
2025-10-02 09:27:43,162 - basicLogger - DEBUG - Stored event temperature_reading with a trace id of 1759422460516002600
2025-10-02 09:27:43,390 - basicLogger - DEBUG - Storing 1759422461048204800 to the database
2025-10-02 09:27:43,410 - basicLogger - DEBUG - Stored event airquality_reading with a trace id of 1759422461048204800
2025-10-02 09:27:43,716 - basicLogger - DEBUG - Storing 1759422461392671500 to the database
2025-10-02 09:27:43,743 - basicLogger - DEBUG - Stored event airquality_reading with a trace id of 1759422461392671500
2025-10-02 09:27:43,917 - basicLogger - DEBUG - Storing 1759422461640138500 to the database
2025-10-02 09:27:43,940 - basicLogger - DEBUG - Stored event airquality_reading with a trace id of 1759422461640138500
2025-10-02 09:27:44,461 - basicLogger - DEBUG - Storing 1759422462094981600 to the database
2025-10-02 09:27:44,467 - basicLogger - DEBUG - Stored event airquality_reading with a trace id of 1759422462094981600
2025-10-02 09:27:44,477 - basicLogger - DEBUG - Storing 1759422462128249200 to the database
2025-10-02 09:27:44,485 - basicLogger - DEBUG - Stored event airquality_reading with a trace id of 1759422462128249200
2025-10-02 09:27:45,654 - basicLogger - DEBUG - Storing 1759422463083334000 to the database
2025-10-02 09:27:45,654 - basicLogger - DEBUG - Storing 1759422463099122000 to the database
2025-10-02 09:27:45,655 - basicLogger - DEBUG - Storing 1759422463099798500 to the database
2025-10-02 09:27:45,683 - basicLogger - DEBUG - Stored event airquality_reading with a trace id of 1759422463083334000
2025-10-02 09:27:45,686 - basicLogger - DEBUG - Stored event airquality_reading with a trace id of 1759422463099122000
2025-10-02 09:27:45,693 - basicLogger - DEBUG - Stored event airquality_reading with a trace id of 1759422463099798500
2025-10-02 09:27:45,731 - basicLogger - DEBUG - Storing 1759422463156671900 to the database
2025-10-02 09:27:45,731 - basicLogger - DEBUG - Storing 1759422463172054600 to the database
2025-10-02 09:27:45,740 - basicLogger - DEBUG - Stored event airquality_reading with a trace id of 1759422463156671900
2025-10-02 09:27:45,742 - basicLogger - DEBUG - Stored event airquality_reading with a trace id of 1759422463172054600
2025-10-02 09:27:45,839 - basicLogger - DEBUG - Storing 1759422463414013200 to the database
2025-10-02 09:27:45,850 - basicLogger - DEBUG - Stored event airquality_reading with a trace id of 1759422463414013200
2025-10-02 09:27:46,069 - basicLogger - DEBUG - Storing 1759422463747399000 to the database
2025-10-02 09:27:46,076 - basicLogger - DEBUG - Stored event airquality_reading with a trace id of 1759422463747399000
2025-10-02 09:27:46,262 - basicLogger - DEBUG - Storing 1759422463943826800 to the database
2025-10-02 09:27:46,286 - basicLogger - DEBUG - Stored event airquality_reading with a trace id of 1759422463943826800
2025-10-02 09:27:46,850 - basicLogger - DEBUG - Storing 1759422464495733600 to the database
2025-10-02 09:27:46,860 - basicLogger - DEBUG - Stored event airquality_reading with a trace id of 1759422464495733600
2025-10-02 09:27:46,880 - basicLogger - DEBUG - Storing 1759422464472196700 to the database
2025-10-02 09:27:46,887 - basicLogger - DEBUG - Stored event airquality_reading with a trace id of 1759422464472196700
2025-10-02 09:27:48,393 - basicLogger - DEBUG - Storing 1759422465688239700 to the database
2025-10-02 09:27:48,409 - basicLogger - DEBUG - Storing 1759422465699890200 to the database
2025-10-02 09:27:48,409 - basicLogger - DEBUG - Storing 1759422465691086000 to the database
2025-10-02 09:27:48,419 - basicLogger - DEBUG - Stored event airquality_reading with a trace id of 1759422465688239700
2025-10-02 09:27:48,423 - basicLogger - DEBUG - Stored event airquality_reading with a trace id of 1759422465691086000
2025-10-02 09:27:48,423 - basicLogger - DEBUG - Stored event airquality_reading with a trace id of 1759422465699890200
2025-10-02 09:27:48,441 - basicLogger - DEBUG - Storing 1759422465746211500 to the database
2025-10-02 09:27:48,450 - basicLogger - DEBUG - Stored event airquality_reading with a trace id of 1759422465746211500
2025-10-02 09:27:48,470 - basicLogger - DEBUG - Storing 1759422465748477000 to the database
2025-10-02 09:27:48,478 - basicLogger - DEBUG - Stored event airquality_reading with a trace id of 1759422465748477000
2025-10-02 09:27:48,577 - basicLogger - DEBUG - Storing 1759422465862292100 to the database
2025-10-02 09:27:48,586 - basicLogger - DEBUG - Stored event temperature_reading with a trace id of 1759422465862292100
2025-10-02 09:27:48,608 - basicLogger - DEBUG - Storing 1759422466085438200 to the database
2025-10-02 09:27:48,617 - basicLogger - DEBUG - Stored event temperature_reading with a trace id of 1759422466085438200
2025-10-02 09:27:48,687 - basicLogger - DEBUG - Storing 1759422466295942500 to the database
2025-10-02 09:27:48,697 - basicLogger - DEBUG - Stored event temperature_reading with a trace id of 1759422466295942500
2025-10-02 09:27:49,251 - basicLogger - DEBUG - Storing 1759422466869946900 to the database
2025-10-02 09:27:49,251 - basicLogger - DEBUG - Storing 1759422466896501600 to the database
2025-10-02 09:27:49,258 - basicLogger - DEBUG - Stored event temperature_reading with a trace id of 1759422466896501600
2025-10-02 09:27:49,260 - basicLogger - DEBUG - Stored event temperature_reading with a trace id of 1759422466869946900
2025-10-02 09:27:51,073 - basicLogger - DEBUG - Storing 1759422468431301100 to the database
2025-10-02 09:27:51,075 - basicLogger - DEBUG - Storing 1759422468440509200 to the database
2025-10-02 09:27:51,100 - basicLogger - DEBUG - Stored event temperature_reading with a trace id of 1759422468431301100
2025-10-02 09:27:51,100 - basicLogger - DEBUG - Stored event temperature_reading with a trace id of 1759422468440509200
2025-10-02 09:27:51,106 - basicLogger - DEBUG - Storing 1759422468441652900 to the database
2025-10-02 09:27:51,113 - basicLogger - DEBUG - Stored event temperature_reading with a trace id of 1759422468441652900
2025-10-02 09:27:51,135 - basicLogger - DEBUG - Storing 1759422468486844000 to the database
2025-10-02 09:27:51,144 - basicLogger - DEBUG - Stored event temperature_reading with a trace id of 1759422468486844000
2025-10-02 09:27:51,150 - basicLogger - DEBUG - Storing 1759422468460081800 to the database
2025-10-02 09:27:51,158 - basicLogger - DEBUG - Stored event temperature_reading with a trace id of 1759422468460081800
2025-10-02 09:27:51,214 - basicLogger - DEBUG - Storing 1759422468590938100 to the database
2025-10-02 09:27:51,214 - basicLogger - DEBUG - Storing 1759422468622379300 to the database
2025-10-02 09:27:51,227 - basicLogger - DEBUG - Stored event temperature_reading with a trace id of 1759422468590938100
2025-10-02 09:27:51,230 - basicLogger - DEBUG - Stored event temperature_reading with a trace id of 1759422468622379300
2025-10-02 09:27:51,245 - basicLogger - DEBUG - Storing 1759422468702258600 to the database
2025-10-02 09:27:51,258 - basicLogger - DEBUG - Stored event temperature_reading with a trace id of 1759422468702258600
2025-10-02 09:27:51,614 - basicLogger - DEBUG - Storing 1759422469264919700 to the database
2025-10-02 09:27:51,614 - basicLogger - DEBUG - Storing 1759422469264178200 to the database
2025-10-02 09:27:51,641 - basicLogger - DEBUG - Stored event temperature_reading with a trace id of 1759422469264919700
2025-10-02 09:27:51,646 - basicLogger - DEBUG - Stored event temperature_reading with a trace id of 1759422469264178200
2025-10-02 09:27:53,821 - basicLogger - DEBUG - Storing 1759422471107403200 to the database
2025-10-02 09:27:53,822 - basicLogger - DEBUG - Storing 1759422471108962500 to the database
2025-10-02 09:27:53,822 - basicLogger - DEBUG - Storing 1759422471118532800 to the database
2025-10-02 09:27:53,850 - basicLogger - DEBUG - Stored event temperature_reading with a trace id of 1759422471108962500
2025-10-02 09:27:53,853 - basicLogger - DEBUG - Stored event temperature_reading with a trace id of 1759422471107403200
2025-10-02 09:27:53,853 - basicLogger - DEBUG - Stored event temperature_reading with a trace id of 1759422471118532800
2025-10-02 09:27:53,872 - basicLogger - DEBUG - Storing 1759422471162421200 to the database
2025-10-02 09:27:53,885 - basicLogger - DEBUG - Stored event temperature_reading with a trace id of 1759422471162421200
2025-10-02 09:27:53,898 - basicLogger - DEBUG - Storing 1759422471149538400 to the database
2025-10-02 09:27:53,908 - basicLogger - DEBUG - Stored event temperature_reading with a trace id of 1759422471149538400
2025-10-02 09:27:53,929 - basicLogger - DEBUG - Storing 1759422471243267800 to the database
2025-10-02 09:27:53,940 - basicLogger - DEBUG - Stored event airquality_reading with a trace id of 1759422471243267800
2025-10-02 09:27:53,976 - basicLogger - DEBUG - Storing 1759422471267260100 to the database
2025-10-02 09:27:53,977 - basicLogger - DEBUG - Storing 1759422471238822200 to the database
2025-10-02 09:27:53,985 - basicLogger - DEBUG - Stored event airquality_reading with a trace id of 1759422471267260100
2025-10-02 09:27:53,986 - basicLogger - DEBUG - Stored event airquality_reading with a trace id of 1759422471238822200
2025-10-02 09:27:54,130 - basicLogger - DEBUG - Storing 1759422471653517300 to the database
2025-10-02 09:27:54,137 - basicLogger - DEBUG - Stored event airquality_reading with a trace id of 1759422471653517300
2025-10-02 09:27:54,145 - basicLogger - DEBUG - Storing 1759422471658743100 to the database
2025-10-02 09:27:54,152 - basicLogger - DEBUG - Stored event airquality_reading with a trace id of 1759422471658743100
2025-10-02 09:27:56,610 - basicLogger - DEBUG - Storing 1759422473874037100 to the database
2025-10-02 09:27:56,612 - basicLogger - DEBUG - Storing 1759422473867993400 to the database
2025-10-02 09:27:56,639 - basicLogger - DEBUG - Stored event airquality_reading with a trace id of 1759422473867993400
2025-10-02 09:27:56,640 - basicLogger - DEBUG - Stored event airquality_reading with a trace id of 1759422473874037100
2025-10-02 09:27:56,656 - basicLogger - DEBUG - Storing 1759422473876958400 to the database
2025-10-02 09:27:56,664 - basicLogger - DEBUG - Stored event airquality_reading with a trace id of 1759422473876958400
2025-10-02 09:27:56,672 - basicLogger - DEBUG - Storing 1759422473944490800 to the database
2025-10-02 09:27:56,681 - basicLogger - DEBUG - Stored event airquality_reading with a trace id of 1759422473944490800
2025-10-02 09:27:56,688 - basicLogger - DEBUG - Storing 1759422473917423900 to the database
2025-10-02 09:27:56,696 - basicLogger - DEBUG - Stored event airquality_reading with a trace id of 1759422473917423900
2025-10-02 09:27:56,702 - basicLogger - DEBUG - Storing 1759422473894512700 to the database
2025-10-02 09:27:56,763 - basicLogger - DEBUG - Stored event airquality_reading with a trace id of 1759422473894512700
2025-10-02 09:27:56,766 - basicLogger - DEBUG - Storing 1759422473991886700 to the database
2025-10-02 09:27:56,766 - basicLogger - DEBUG - Storing 1759422473992531800 to the database
2025-10-02 09:27:56,775 - basicLogger - DEBUG - Stored event airquality_reading with a trace id of 1759422473992531800
2025-10-02 09:27:56,777 - basicLogger - DEBUG - Stored event airquality_reading with a trace id of 1759422473991886700
2025-10-02 09:27:56,801 - basicLogger - DEBUG - Storing 1759422474141687200 to the database
2025-10-02 09:27:56,802 - basicLogger - DEBUG - Storing 1759422474156143500 to the database
2025-10-02 09:27:56,812 - basicLogger - DEBUG - Stored event airquality_reading with a trace id of 1759422474141687200
2025-10-02 09:27:56,815 - basicLogger - DEBUG - Stored event airquality_reading with a trace id of 1759422474156143500
2025-10-02 09:27:59,420 - basicLogger - DEBUG - Storing 1759422476645869300 to the database
2025-10-02 09:27:59,435 - basicLogger - DEBUG - Storing 1759422476644626000 to the database
2025-10-02 09:27:59,446 - basicLogger - DEBUG - Stored event airquality_reading with a trace id of 1759422476645869300
2025-10-02 09:27:59,448 - basicLogger - DEBUG - Stored event airquality_reading with a trace id of 1759422476644626000
2025-10-02 09:27:59,466 - basicLogger - DEBUG - Storing 1759422476690247200 to the database
2025-10-02 09:27:59,475 - basicLogger - DEBUG - Stored event temperature_reading with a trace id of 1759422476690247200
2025-10-02 09:27:59,482 - basicLogger - DEBUG - Storing 1759422476668478100 to the database
2025-10-02 09:27:59,490 - basicLogger - DEBUG - Stored event airquality_reading with a trace id of 1759422476668478100
2025-10-02 09:27:59,498 - basicLogger - DEBUG - Storing 1759422476701492800 to the database
2025-10-02 09:27:59,507 - basicLogger - DEBUG - Stored event airquality_reading with a trace id of 1759422476701492800
2025-10-02 09:27:59,547 - basicLogger - DEBUG - Storing 1759422476798613100 to the database
2025-10-02 09:27:59,549 - basicLogger - DEBUG - Storing 1759422476771162500 to the database
2025-10-02 09:27:59,550 - basicLogger - DEBUG - Storing 1759422476802502700 to the database
2025-10-02 09:27:59,558 - basicLogger - DEBUG - Stored event temperature_reading with a trace id of 1759422476798613100
2025-10-02 09:27:59,560 - basicLogger - DEBUG - Stored event airquality_reading with a trace id of 1759422476771162500
2025-10-02 09:27:59,561 - basicLogger - DEBUG - Stored event temperature_reading with a trace id of 1759422476802502700
2025-10-02 09:27:59,580 - basicLogger - DEBUG - Storing 1759422476821144900 to the database
2025-10-02 09:27:59,580 - basicLogger - DEBUG - Storing 1759422476827132900 to the database
2025-10-02 09:27:59,587 - basicLogger - DEBUG - Stored event temperature_reading with a trace id of 1759422476821144900
2025-10-02 09:27:59,587 - basicLogger - DEBUG - Stored event temperature_reading with a trace id of 1759422476827132900
2025-10-02 09:28:02,195 - basicLogger - DEBUG - Storing 1759422479458256200 to the database
2025-10-02 09:28:02,221 - basicLogger - DEBUG - Stored event temperature_reading with a trace id of 1759422479458256200
2025-10-02 09:28:02,227 - basicLogger - DEBUG - Storing 1759422479458600500 to the database
2025-10-02 09:28:02,237 - basicLogger - DEBUG - Stored event temperature_reading with a trace id of 1759422479458600500
2025-10-02 09:28:02,243 - basicLogger - DEBUG - Storing 1759422479480075500 to the database
2025-10-02 09:28:02,251 - basicLogger - DEBUG - Stored event temperature_reading with a trace id of 1759422479480075500
2025-10-02 09:28:02,290 - basicLogger - DEBUG - Storing 1759422479498430800 to the database
2025-10-02 09:28:02,299 - basicLogger - DEBUG - Stored event temperature_reading with a trace id of 1759422479498430800
2025-10-02 09:28:02,305 - basicLogger - DEBUG - Storing 1759422479516544500 to the database
2025-10-02 09:28:02,314 - basicLogger - DEBUG - Stored event temperature_reading with a trace id of 1759422479516544500
2025-10-02 09:28:02,341 - basicLogger - DEBUG - Storing 1759422479569704400 to the database
2025-10-02 09:28:02,349 - basicLogger - DEBUG - Storing 1759422479575364700 to the database
2025-10-02 09:28:02,350 - basicLogger - DEBUG - Storing 1759422479595498200 to the database
2025-10-02 09:28:02,350 - basicLogger - DEBUG - Storing 1759422479565799800 to the database
2025-10-02 09:28:02,350 - basicLogger - DEBUG - Storing 1759422479594102100 to the database
2025-10-02 09:28:02,357 - basicLogger - DEBUG - Stored event temperature_reading with a trace id of 1759422479569704400
2025-10-02 09:28:02,359 - basicLogger - DEBUG - Stored event temperature_reading with a trace id of 1759422479575364700
2025-10-02 09:28:02,361 - basicLogger - DEBUG - Stored event temperature_reading with a trace id of 1759422479595498200
2025-10-02 09:28:02,381 - basicLogger - DEBUG - Stored event temperature_reading with a trace id of 1759422479565799800
2025-10-02 09:28:02,383 - basicLogger - DEBUG - Stored event temperature_reading with a trace id of 1759422479594102100
2025-10-02 09:28:04,935 - basicLogger - DEBUG - Storing 1759422482227097500 to the database
2025-10-02 09:28:04,958 - basicLogger - DEBUG - Stored event temperature_reading with a trace id of 1759422482227097500
2025-10-02 09:28:05,011 - basicLogger - DEBUG - Storing 1759422482243087100 to the database
2025-10-02 09:28:05,017 - basicLogger - DEBUG - Stored event temperature_reading with a trace id of 1759422482243087100
2025-10-02 09:28:05,042 - basicLogger - DEBUG - Storing 1759422482259123400 to the database
2025-10-02 09:28:05,048 - basicLogger - DEBUG - Stored event airquality_reading with a trace id of 1759422482259123400
2025-10-02 09:28:05,136 - basicLogger - DEBUG - Storing 1759422482304705200 to the database
2025-10-02 09:28:05,137 - basicLogger - DEBUG - Storing 1759422482318631800 to the database
2025-10-02 09:28:05,146 - basicLogger - DEBUG - Stored event temperature_reading with a trace id of 1759422482304705200
2025-10-02 09:28:05,149 - basicLogger - DEBUG - Stored event temperature_reading with a trace id of 1759422482318631800
2025-10-02 09:28:05,183 - basicLogger - DEBUG - Storing 1759422482380598600 to the database
2025-10-02 09:28:05,190 - basicLogger - DEBUG - Storing 1759422482388373800 to the database
2025-10-02 09:28:05,190 - basicLogger - DEBUG - Storing 1759422482377963000 to the database
2025-10-02 09:28:05,190 - basicLogger - DEBUG - Storing 1759422482399764700 to the database
2025-10-02 09:28:05,194 - basicLogger - DEBUG - Stored event temperature_reading with a trace id of 1759422482380598600
2025-10-02 09:28:05,199 - basicLogger - DEBUG - Storing 1759422482396694700 to the database
2025-10-02 09:28:05,199 - basicLogger - DEBUG - Stored event airquality_reading with a trace id of 1759422482388373800
2025-10-02 09:28:05,204 - basicLogger - DEBUG - Stored event airquality_reading with a trace id of 1759422482377963000
2025-10-02 09:28:05,208 - basicLogger - DEBUG - Stored event airquality_reading with a trace id of 1759422482399764700
2025-10-02 09:28:05,211 - basicLogger - DEBUG - Stored event airquality_reading with a trace id of 1759422482396694700
2025-10-02 09:28:07,594 - basicLogger - DEBUG - Storing 1759422484967457000 to the database
2025-10-02 09:28:07,618 - basicLogger - DEBUG - Stored event airquality_reading with a trace id of 1759422484967457000
2025-10-02 09:28:07,733 - basicLogger - DEBUG - Storing 1759422485026789100 to the database
2025-10-02 09:28:07,758 - basicLogger - DEBUG - Stored event airquality_reading with a trace id of 1759422485026789100
2025-10-02 09:28:07,813 - basicLogger - DEBUG - Storing 1759422485053608800 to the database
2025-10-02 09:28:07,819 - basicLogger - DEBUG - Stored event airquality_reading with a trace id of 1759422485053608800
2025-10-02 09:28:07,951 - basicLogger - DEBUG - Storing 1759422485192586200 to the database
2025-10-02 09:28:07,970 - basicLogger - DEBUG - Storing 1759422485217660300 to the database
2025-10-02 09:28:07,970 - basicLogger - DEBUG - Storing 1759422485213916400 to the database
2025-10-02 09:28:07,978 - basicLogger - DEBUG - Stored event airquality_reading with a trace id of 1759422485192586200
2025-10-02 09:28:07,981 - basicLogger - DEBUG - Stored event airquality_reading with a trace id of 1759422485217660300
2025-10-02 09:28:07,981 - basicLogger - DEBUG - Stored event airquality_reading with a trace id of 1759422485213916400
2025-10-02 09:28:07,988 - basicLogger - DEBUG - Storing 1759422485197150700 to the database
2025-10-02 09:28:07,993 - basicLogger - DEBUG - Storing 1759422485227850600 to the database
2025-10-02 09:28:07,994 - basicLogger - DEBUG - Storing 1759422485215637200 to the database
2025-10-02 09:28:07,994 - basicLogger - DEBUG - Storing 1759422485206767900 to the database
2025-10-02 09:28:07,998 - basicLogger - DEBUG - Stored event airquality_reading with a trace id of 1759422485197150700
2025-10-02 09:28:08,004 - basicLogger - DEBUG - Stored event airquality_reading with a trace id of 1759422485215637200
2025-10-02 09:28:08,007 - basicLogger - DEBUG - Stored event airquality_reading with a trace id of 1759422485206767900
2025-10-02 09:28:08,008 - basicLogger - DEBUG - Stored event airquality_reading with a trace id of 1759422485227850600
2025-10-02 09:28:10,013 - basicLogger - DEBUG - Storing 1759422487624011500 to the database
2025-10-02 09:28:10,023 - basicLogger - DEBUG - Stored event airquality_reading with a trace id of 1759422487624011500
2025-10-02 09:28:10,400 - basicLogger - DEBUG - Storing 1759422487762867700 to the database
2025-10-02 09:28:10,410 - basicLogger - DEBUG - Stored event airquality_reading with a trace id of 1759422487762867700
2025-10-02 09:28:10,495 - basicLogger - DEBUG - Storing 1759422487831031300 to the database
2025-10-02 09:28:10,502 - basicLogger - DEBUG - Stored event temperature_reading with a trace id of 1759422487831031300
2025-10-02 09:28:10,728 - basicLogger - DEBUG - Storing 1759422488009415300 to the database
2025-10-02 09:28:10,734 - basicLogger - DEBUG - Storing 1759422488026460800 to the database
2025-10-02 09:28:10,734 - basicLogger - DEBUG - Storing 1759422488029532200 to the database
2025-10-02 09:28:10,734 - basicLogger - DEBUG - Storing 1759422488019568800 to the database
2025-10-02 09:28:10,735 - basicLogger - DEBUG - Storing 1759422487996686600 to the database
2025-10-02 09:28:10,735 - basicLogger - DEBUG - Storing 1759422488009848800 to the database
2025-10-02 09:28:10,735 - basicLogger - DEBUG - Storing 1759422488010282400 to the database
2025-10-02 09:28:10,743 - basicLogger - DEBUG - Stored event temperature_reading with a trace id of 1759422488009415300
2025-10-02 09:28:10,752 - basicLogger - DEBUG - Stored event temperature_reading with a trace id of 1759422488026460800
2025-10-02 09:28:10,769 - basicLogger - DEBUG - Stored event airquality_reading with a trace id of 1759422488019568800
2025-10-02 09:28:10,769 - basicLogger - DEBUG - Stored event temperature_reading with a trace id of 1759422488029532200
2025-10-02 09:28:10,772 - basicLogger - DEBUG - Stored event airquality_reading with a trace id of 1759422487996686600
2025-10-02 09:28:10,790 - basicLogger - DEBUG - Stored event temperature_reading with a trace id of 1759422488009848800
2025-10-02 09:28:10,790 - basicLogger - DEBUG - Stored event airquality_reading with a trace id of 1759422488010282400
2025-10-02 09:28:12,315 - basicLogger - DEBUG - Storing 1759422490034022900 to the database
2025-10-02 09:28:12,344 - basicLogger - DEBUG - Stored event temperature_reading with a trace id of 1759422490034022900
2025-10-02 09:28:12,894 - basicLogger - DEBUG - Storing 1759422490418815800 to the database
2025-10-02 09:28:12,921 - basicLogger - DEBUG - Stored event temperature_reading with a trace id of 1759422490418815800
2025-10-02 09:28:13,143 - basicLogger - DEBUG - Storing 1759422490506052700 to the database
2025-10-02 09:28:13,150 - basicLogger - DEBUG - Stored event temperature_reading with a trace id of 1759422490506052700
2025-10-02 09:28:13,548 - basicLogger - DEBUG - Storing 1759422490763273100 to the database
2025-10-02 09:28:13,549 - basicLogger - DEBUG - Storing 1759422490759272600 to the database
2025-10-02 09:28:13,575 - basicLogger - DEBUG - Stored event temperature_reading with a trace id of 1759422490763273100
2025-10-02 09:28:13,576 - basicLogger - DEBUG - Stored event temperature_reading with a trace id of 1759422490759272600
2025-10-02 09:28:13,596 - basicLogger - DEBUG - Storing 1759422490799279300 to the database
2025-10-02 09:28:13,604 - basicLogger - DEBUG - Stored event temperature_reading with a trace id of 1759422490799279300
2025-10-02 09:28:13,616 - basicLogger - DEBUG - Storing 1759422490810640400 to the database
2025-10-02 09:28:13,617 - basicLogger - DEBUG - Storing 1759422490827707200 to the database
2025-10-02 09:28:13,628 - basicLogger - DEBUG - Stored event temperature_reading with a trace id of 1759422490810640400
2025-10-02 09:28:13,631 - basicLogger - DEBUG - Stored event temperature_reading with a trace id of 1759422490827707200
2025-10-02 09:28:13,647 - basicLogger - DEBUG - Storing 1759422490818385700 to the database
2025-10-02 09:28:13,647 - basicLogger - DEBUG - Storing 1759422490798909400 to the database
2025-10-02 09:28:13,655 - basicLogger - DEBUG - Stored event temperature_reading with a trace id of 1759422490818385700
2025-10-02 09:28:13,659 - basicLogger - DEBUG - Stored event temperature_reading with a trace id of 1759422490798909400
2025-10-02 09:28:14,675 - basicLogger - DEBUG - Storing 1759422492348759800 to the database
2025-10-02 09:28:14,684 - basicLogger - DEBUG - Stored event temperature_reading with a trace id of 1759422492348759800
2025-10-02 09:28:15,253 - basicLogger - DEBUG - Storing 1759422492927914500 to the database
2025-10-02 09:28:15,280 - basicLogger - DEBUG - Stored event temperature_reading with a trace id of 1759422492927914500
2025-10-02 09:28:15,474 - basicLogger - DEBUG - Storing 1759422493160704300 to the database
2025-10-02 09:28:15,483 - basicLogger - DEBUG - Stored event airquality_reading with a trace id of 1759422493160704300
2025-10-02 09:28:16,239 - basicLogger - DEBUG - Storing 1759422493586838100 to the database
2025-10-02 09:28:16,255 - basicLogger - DEBUG - Storing 1759422493587890400 to the database
2025-10-02 09:28:16,266 - basicLogger - DEBUG - Stored event airquality_reading with a trace id of 1759422493586838100
2025-10-02 09:28:16,268 - basicLogger - DEBUG - Stored event airquality_reading with a trace id of 1759422493587890400
2025-10-02 09:28:16,334 - basicLogger - DEBUG - Storing 1759422493653426400 to the database
2025-10-02 09:28:16,335 - basicLogger - DEBUG - Storing 1759422493652275100 to the database
2025-10-02 09:28:16,336 - basicLogger - DEBUG - Storing 1759422493666834800 to the database
2025-10-02 09:28:16,344 - basicLogger - DEBUG - Stored event temperature_reading with a trace id of 1759422493653426400
2025-10-02 09:28:16,345 - basicLogger - DEBUG - Stored event airquality_reading with a trace id of 1759422493666834800
2025-10-02 09:28:16,347 - basicLogger - DEBUG - Stored event temperature_reading with a trace id of 1759422493652275100
2025-10-02 09:28:16,350 - basicLogger - DEBUG - Storing 1759422493645037000 to the database
2025-10-02 09:28:16,352 - basicLogger - DEBUG - Storing 1759422493666086400 to the database
2025-10-02 09:28:16,360 - basicLogger - DEBUG - Stored event airquality_reading with a trace id of 1759422493645037000
2025-10-02 09:28:16,363 - basicLogger - DEBUG - Stored event temperature_reading with a trace id of 1759422493666086400
2025-10-02 09:28:16,975 - basicLogger - DEBUG - Storing 1759422494694391200 to the database
2025-10-02 09:28:16,999 - basicLogger - DEBUG - Stored event airquality_reading with a trace id of 1759422494694391200
2025-10-02 09:28:17,630 - basicLogger - DEBUG - Storing 1759422495290955900 to the database
2025-10-02 09:28:17,653 - basicLogger - DEBUG - Stored event airquality_reading with a trace id of 1759422495290955900
2025-10-02 09:28:17,832 - basicLogger - DEBUG - Storing 1759422495486546800 to the database
2025-10-02 09:28:17,858 - basicLogger - DEBUG - Stored event airquality_reading with a trace id of 1759422495486546800
2025-10-02 09:28:18,910 - basicLogger - DEBUG - Storing 1759422496270960700 to the database
2025-10-02 09:28:18,941 - basicLogger - DEBUG - Stored event airquality_reading with a trace id of 1759422496270960700
2025-10-02 09:28:18,943 - basicLogger - DEBUG - Storing 1759422496273721900 to the database
2025-10-02 09:28:18,951 - basicLogger - DEBUG - Stored event airquality_reading with a trace id of 1759422496273721900
2025-10-02 09:28:18,989 - basicLogger - DEBUG - Storing 1759422496368035300 to the database
2025-10-02 09:28:18,990 - basicLogger - DEBUG - Storing 1759422496373288200 to the database
2025-10-02 09:28:18,991 - basicLogger - DEBUG - Storing 1759422496365325300 to the database
2025-10-02 09:28:18,991 - basicLogger - DEBUG - Storing 1759422496356442600 to the database
2025-10-02 09:28:18,998 - basicLogger - DEBUG - Stored event airquality_reading with a trace id of 1759422496368035300
2025-10-02 09:28:19,001 - basicLogger - DEBUG - Stored event airquality_reading with a trace id of 1759422496373288200
2025-10-02 09:28:19,001 - basicLogger - DEBUG - Stored event airquality_reading with a trace id of 1759422496365325300
2025-10-02 09:28:19,003 - basicLogger - DEBUG - Stored event airquality_reading with a trace id of 1759422496356442600
2025-10-02 09:28:19,032 - basicLogger - DEBUG - Storing 1759422496358512400 to the database
2025-10-02 09:28:19,040 - basicLogger - DEBUG - Stored event airquality_reading with a trace id of 1759422496358512400
2025-10-02 09:28:19,262 - basicLogger - DEBUG - Storing 1759422497002912200 to the database
2025-10-02 09:28:19,287 - basicLogger - DEBUG - Stored event airquality_reading with a trace id of 1759422497002912200
2025-10-02 09:28:19,949 - basicLogger - DEBUG - Storing 1759422497659342300 to the database
2025-10-02 09:28:19,972 - basicLogger - DEBUG - Stored event airquality_reading with a trace id of 1759422497659342300
2025-10-02 09:28:21,452 - basicLogger - DEBUG - Storing 1759422499010892800 to the database
2025-10-02 09:28:21,462 - basicLogger - DEBUG - Storing 1759422499010481000 to the database
2025-10-02 09:28:21,462 - basicLogger - DEBUG - Storing 1759422499011375400 to the database
2025-10-02 09:28:21,479 - basicLogger - DEBUG - Stored event airquality_reading with a trace id of 1759422499010892800
2025-10-02 09:28:21,482 - basicLogger - DEBUG - Stored event airquality_reading with a trace id of 1759422499010481000
2025-10-02 09:28:21,482 - basicLogger - DEBUG - Stored event airquality_reading with a trace id of 1759422499011375400
2025-10-08 23:03:57,827 - basicLogger - INFO - Connected to the database
2025-10-08 23:03:57,877 - basicLogger - INFO - Connected to the database
2025-10-08 23:03:59,670 - basicLogger - INFO - Query for Temperature readings between 2000-01-01T00:00:00Z and 2025-10-08T23:03:57Z
2025-10-08 23:04:05,799 - basicLogger - INFO - Query for Air Quality readings between 2000-01-01T00:00:00Z and 2025-10-08T23:03:57Z
